  Source.cpp
c:\users\vladimir\desktop\пикадор\picador\pstd\source.cpp(214): error C2296: *: недопустимо, левый операнд имеет тип "fftw_complex"
c:\users\vladimir\desktop\пикадор\picador\pstd\source.cpp(215): error C2296: *: недопустимо, левый операнд имеет тип "fftw_complex"
c:\users\vladimir\desktop\пикадор\picador\pstd\source.cpp(216): error C2296: *: недопустимо, левый операнд имеет тип "fftw_complex"
c:\users\vladimir\desktop\пикадор\picador\pstd\source.cpp(229): error C2065: B: необъявленный идентификатор
c:\users\vladimir\desktop\пикадор\picador\pstd\source.cpp(229): error C2228: выражение слева от ".x" должно представлять класс, структуру или объединение
c:\users\vladimir\desktop\пикадор\picador\pstd\source.cpp(229): error C2065: E: необъявленный идентификатор
c:\users\vladimir\desktop\пикадор\picador\pstd\source.cpp(229): error C2228: выражение слева от ".z" должно представлять класс, структуру или объединение
c:\users\vladimir\desktop\пикадор\picador\pstd\source.cpp(229): error C2228: выражение слева от ".y" должно представлять класс, структуру или объединение
c:\users\vladimir\desktop\пикадор\picador\pstd\source.cpp(230): error C2065: B: необъявленный идентификатор
c:\users\vladimir\desktop\пикадор\picador\pstd\source.cpp(230): error C2228: выражение слева от ".y" должно представлять класс, структуру или объединение
c:\users\vladimir\desktop\пикадор\picador\pstd\source.cpp(230): error C2065: E: необъявленный идентификатор
c:\users\vladimir\desktop\пикадор\picador\pstd\source.cpp(230): error C2228: выражение слева от ".z" должно представлять класс, структуру или объединение
c:\users\vladimir\desktop\пикадор\picador\pstd\source.cpp(230): error C2228: выражение слева от ".x" должно представлять класс, структуру или объединение
c:\users\vladimir\desktop\пикадор\picador\pstd\source.cpp(231): error C2065: B: необъявленный идентификатор
c:\users\vladimir\desktop\пикадор\picador\pstd\source.cpp(231): error C2228: выражение слева от ".z" должно представлять класс, структуру или объединение
c:\users\vladimir\desktop\пикадор\picador\pstd\source.cpp(231): error C2065: E: необъявленный идентификатор
c:\users\vladimir\desktop\пикадор\picador\pstd\source.cpp(231): error C2228: выражение слева от ".y" должно представлять класс, структуру или объединение
c:\users\vladimir\desktop\пикадор\picador\pstd\source.cpp(231): error C2228: выражение слева от ".x" должно представлять класс, структуру или объединение
c:\users\vladimir\desktop\пикадор\picador\pstd\source.cpp(243): error C2374: pEx: переопределение; множественная инициализация
  c:\users\vladimir\desktop\пикадор\picador\pstd\source.cpp(184): note:  см. объявление "pEx"
c:\users\vladimir\desktop\пикадор\picador\pstd\source.cpp(244): error C2374: pEy: переопределение; множественная инициализация
  c:\users\vladimir\desktop\пикадор\picador\pstd\source.cpp(185): note:  см. объявление "pEy"
c:\users\vladimir\desktop\пикадор\picador\pstd\source.cpp(245): error C2374: pEz: переопределение; множественная инициализация
  c:\users\vladimir\desktop\пикадор\picador\pstd\source.cpp(186): note:  см. объявление "pEz"
c:\users\vladimir\desktop\пикадор\picador\pstd\source.cpp(246): error C2374: pBx: переопределение; множественная инициализация
  c:\users\vladimir\desktop\пикадор\picador\pstd\source.cpp(187): note:  см. объявление "pBx"
c:\users\vladimir\desktop\пикадор\picador\pstd\source.cpp(247): error C2374: pBy: переопределение; множественная инициализация
  c:\users\vladimir\desktop\пикадор\picador\pstd\source.cpp(188): note:  см. объявление "pBy"
c:\users\vladimir\desktop\пикадор\picador\pstd\source.cpp(248): error C2374: pBz: переопределение; множественная инициализация
  c:\users\vladimir\desktop\пикадор\picador\pstd\source.cpp(189): note:  см. объявление "pBz"
